[[1;34mINFO[m] Scanning for projects...
[[1;34mINFO[m] Inspecting build with total of 14 modules...
[[1;34mINFO[m] Installing Nexus Staging features:
[[1;34mINFO[m]   ... total of 14 executions of maven-deploy-plugin replaced with nexus-staging-maven-plugin
[[1;34mINFO[m] [1m------------------------------------------------------------------------[m
[[1;34mINFO[m] [1mReactor Build Order:[m
[[1;34mINFO[m] 
[[1;34mINFO[m] BigDL-core                                                         [pom]
[[1;34mINFO[m] mkl-parent                                                         [pom]
[[1;34mINFO[m] mkl-java-x86_64-linux                                              [jar]
[[1;34mINFO[m] dnn-parent                                                         [pom]
[[1;34mINFO[m] dnn-java-x86_64-linux                                              [jar]
[[1;34mINFO[m] bigquant-parent                                                    [pom]
[[1;34mINFO[m] bigquant-java-x86_64-linux                                         [jar]
[[1;34mINFO[m] opencv-parent                                                      [pom]
[[1;34mINFO[m] opencv-java-x86_64-linux                                           [jar]
[[1;34mINFO[m] dist-parent                                                        [pom]
[[1;34mINFO[m] mac                                                                [pom]
[[1;34mINFO[m] linux64                                                            [pom]
[[1;34mINFO[m] rh5                                                                [pom]
[[1;34mINFO[m] all                                                                [jar]
[[1;34mINFO[m] 
[[1;34mINFO[m] [1m---------------< [0;36mcom.intel.analytics.bigdl.core:parent[0;1m >----------------[m
[[1;34mINFO[m] [1mBuilding BigDL-core 2.1.0-SNAPSHOT                                [1/14][m
[[1;34mINFO[m] [1m--------------------------------[ pom ]---------------------------------[m
[[1;34mINFO[m] 
[[1;34mINFO[m] [1m--- [0;32mmaven-dependency-plugin:2.8:tree[m [1m(default-cli)[m @ [36mparent[0;1m ---[m
[[1;34mINFO[m] com.intel.analytics.bigdl.core:parent:pom:2.1.0-SNAPSHOT
[[1;34mINFO[m] +- org.qunix:structure-maven-plugin:jar:0.0.2:compile
[[1;34mINFO[m] |  +- org.apache.maven:maven-plugin-api:jar:2.0:compile
[[1;34mINFO[m] |  \- org.apache.commons:commons-lang3:jar:3.3.2:compile
[[1;34mINFO[m] +- commons-collections:commons-collections:jar:3.2.2:compile
[[1;34mINFO[m] +- org.apache.maven:maven-project:jar:2.2.1:compile
[[1;34mINFO[m] |  +- org.apache.maven:maven-settings:jar:2.2.1:compile
[[1;34mINFO[m] |  +- org.apache.maven:maven-profile:jar:2.2.1:compile
[[1;34mINFO[m] |  +- org.apache.maven:maven-model:jar:2.2.1:compile
[[1;34mINFO[m] |  +- org.apache.maven:maven-artifact-manager:jar:2.2.1:compile
[[1;34mINFO[m] |  |  +- org.apache.maven:maven-repository-metadata:jar:2.2.1:compile
[[1;34mINFO[m] |  |  +- org.apache.maven.wagon:wagon-provider-api:jar:1.0-beta-6:compile
[[1;34mINFO[m] |  |  \- backport-util-concurrent:backport-util-concurrent:jar:3.1:compile
[[1;34mINFO[m] |  +- org.apache.maven:maven-plugin-registry:jar:2.2.1:compile
[[1;34mINFO[m] |  +- org.codehaus.plexus:plexus-interpolation:jar:1.11:compile
[[1;34mINFO[m] |  +- org.apache.maven:maven-artifact:jar:2.2.1:compile
[[1;34mINFO[m] |  \- org.codehaus.plexus:plexus-container-default:jar:1.0-alpha-9-stable-1:compile
[[1;34mINFO[m] |     \- classworlds:classworlds:jar:1.1-alpha-2:compile
[[1;34mINFO[m] +- org.codehaus.plexus:plexus-utils:jar:3.0.16:compile
[[1;34mINFO[m] \- junit:junit:jar:4.11:test
[[1;34mINFO[m]    \- org.hamcrest:hamcrest-core:jar:1.3:test
[[1;34mINFO[m] 
[[1;34mINFO[m] [1m----------< [0;36mcom.intel.analytics.bigdl.core.native:mkl-parent[0;1m >----------[m
[[1;34mINFO[m] [1mBuilding mkl-parent 2.1.0-SNAPSHOT                                [2/14][m
[[1;34mINFO[m] [1m--------------------------------[ pom ]---------------------------------[m
[[1;34mINFO[m] 
[[1;34mINFO[m] [1m--- [0;32mmaven-dependency-plugin:2.8:tree[m [1m(default-cli)[m @ [36mmkl-parent[0;1m ---[m
[[1;34mINFO[m] com.intel.analytics.bigdl.core.native:mkl-parent:pom:2.1.0-SNAPSHOT
[[1;34mINFO[m] +- junit:junit:jar:4.11:test
[[1;34mINFO[m] |  \- org.hamcrest:hamcrest-core:jar:1.3:test
[[1;34mINFO[m] +- org.qunix:structure-maven-plugin:jar:0.0.2:compile
[[1;34mINFO[m] |  +- org.apache.maven:maven-plugin-api:jar:2.0:compile
[[1;34mINFO[m] |  \- org.apache.commons:commons-lang3:jar:3.3.2:compile
[[1;34mINFO[m] +- commons-collections:commons-collections:jar:3.2.2:compile
[[1;34mINFO[m] +- org.apache.maven:maven-project:jar:2.2.1:compile
[[1;34mINFO[m] |  +- org.apache.maven:maven-settings:jar:2.2.1:compile
[[1;34mINFO[m] |  +- org.apache.maven:maven-profile:jar:2.2.1:compile
[[1;34mINFO[m] |  +- org.apache.maven:maven-model:jar:2.2.1:compile
[[1;34mINFO[m] |  +- org.apache.maven:maven-artifact-manager:jar:2.2.1:compile
[[1;34mINFO[m] |  |  +- org.apache.maven:maven-repository-metadata:jar:2.2.1:compile
[[1;34mINFO[m] |  |  +- org.apache.maven.wagon:wagon-provider-api:jar:1.0-beta-6:compile
[[1;34mINFO[m] |  |  \- backport-util-concurrent:backport-util-concurrent:jar:3.1:compile
[[1;34mINFO[m] |  +- org.apache.maven:maven-plugin-registry:jar:2.2.1:compile
[[1;34mINFO[m] |  +- org.codehaus.plexus:plexus-interpolation:jar:1.11:compile
[[1;34mINFO[m] |  +- org.apache.maven:maven-artifact:jar:2.2.1:compile
[[1;34mINFO[m] |  \- org.codehaus.plexus:plexus-container-default:jar:1.0-alpha-9-stable-1:compile
[[1;34mINFO[m] |     \- classworlds:classworlds:jar:1.1-alpha-2:compile
[[1;34mINFO[m] \- org.codehaus.plexus:plexus-utils:jar:3.0.16:compile
[[1;34mINFO[m] 
[[1;34mINFO[m] [1m--< [0;36mcom.intel.analytics.bigdl.core.native.mkl:mkl-java-x86_64-linux[0;1m >---[m
[[1;34mINFO[m] [1mBuilding mkl-java-x86_64-linux 2.1.0-SNAPSHOT                     [3/14][m
[[1;34mINFO[m] [1m--------------------------------[ jar ]---------------------------------[m
[[1;34mINFO[m] 
[[1;34mINFO[m] [1m--- [0;32mmaven-dependency-plugin:2.8:tree[m [1m(default-cli)[m @ [36mmkl-java-x86_64-linux[0;1m ---[m
[[1;34mINFO[m] com.intel.analytics.bigdl.core.native.mkl:mkl-java-x86_64-linux:jar:2.1.0-SNAPSHOT
[[1;34mINFO[m] +- junit:junit:jar:4.11:test
[[1;34mINFO[m] |  \- org.hamcrest:hamcrest-core:jar:1.3:test
[[1;34mINFO[m] +- org.qunix:structure-maven-plugin:jar:0.0.2:compile
[[1;34mINFO[m] |  +- org.apache.maven:maven-plugin-api:jar:2.0:compile
[[1;34mINFO[m] |  \- org.apache.commons:commons-lang3:jar:3.3.2:compile
[[1;34mINFO[m] +- commons-collections:commons-collections:jar:3.2.2:compile
[[1;34mINFO[m] +- org.apache.maven:maven-project:jar:2.2.1:compile
[[1;34mINFO[m] |  +- org.apache.maven:maven-settings:jar:2.2.1:compile
[[1;34mINFO[m] |  +- org.apache.maven:maven-profile:jar:2.2.1:compile
[[1;34mINFO[m] |  +- org.apache.maven:maven-model:jar:2.2.1:compile
[[1;34mINFO[m] |  +- org.apache.maven:maven-artifact-manager:jar:2.2.1:compile
[[1;34mINFO[m] |  |  +- org.apache.maven:maven-repository-metadata:jar:2.2.1:compile
[[1;34mINFO[m] |  |  +- org.apache.maven.wagon:wagon-provider-api:jar:1.0-beta-6:compile
[[1;34mINFO[m] |  |  \- backport-util-concurrent:backport-util-concurrent:jar:3.1:compile
[[1;34mINFO[m] |  +- org.apache.maven:maven-plugin-registry:jar:2.2.1:compile
[[1;34mINFO[m] |  +- org.codehaus.plexus:plexus-interpolation:jar:1.11:compile
[[1;34mINFO[m] |  +- org.apache.maven:maven-artifact:jar:2.2.1:compile
[[1;34mINFO[m] |  \- org.codehaus.plexus:plexus-container-default:jar:1.0-alpha-9-stable-1:compile
[[1;34mINFO[m] |     \- classworlds:classworlds:jar:1.1-alpha-2:compile
[[1;34mINFO[m] \- org.codehaus.plexus:plexus-utils:jar:3.0.16:compile
[[1;34mINFO[m] 
[[1;34mINFO[m] [1m----------< [0;36mcom.intel.analytics.bigdl.core.native:dnn-parent[0;1m >----------[m
[[1;34mINFO[m] [1mBuilding dnn-parent 2.1.0-SNAPSHOT                                [4/14][m
[[1;34mINFO[m] [1m--------------------------------[ pom ]---------------------------------[m
[[1;34mINFO[m] 
[[1;34mINFO[m] [1m--- [0;32mmaven-dependency-plugin:2.8:tree[m [1m(default-cli)[m @ [36mdnn-parent[0;1m ---[m
[[1;34mINFO[m] com.intel.analytics.bigdl.core.native:dnn-parent:pom:2.1.0-SNAPSHOT
[[1;34mINFO[m] +- junit:junit:jar:4.11:test
[[1;34mINFO[m] |  \- org.hamcrest:hamcrest-core:jar:1.3:test
[[1;34mINFO[m] +- org.qunix:structure-maven-plugin:jar:0.0.2:compile
[[1;34mINFO[m] |  +- org.apache.maven:maven-plugin-api:jar:2.0:compile
[[1;34mINFO[m] |  \- org.apache.commons:commons-lang3:jar:3.3.2:compile
[[1;34mINFO[m] +- commons-collections:commons-collections:jar:3.2.2:compile
[[1;34mINFO[m] +- org.apache.maven:maven-project:jar:2.2.1:compile
[[1;34mINFO[m] |  +- org.apache.maven:maven-settings:jar:2.2.1:compile
[[1;34mINFO[m] |  +- org.apache.maven:maven-profile:jar:2.2.1:compile
[[1;34mINFO[m] |  +- org.apache.maven:maven-model:jar:2.2.1:compile
[[1;34mINFO[m] |  +- org.apache.maven:maven-artifact-manager:jar:2.2.1:compile
[[1;34mINFO[m] |  |  +- org.apache.maven:maven-repository-metadata:jar:2.2.1:compile
[[1;34mINFO[m] |  |  +- org.apache.maven.wagon:wagon-provider-api:jar:1.0-beta-6:compile
[[1;34mINFO[m] |  |  \- backport-util-concurrent:backport-util-concurrent:jar:3.1:compile
[[1;34mINFO[m] |  +- org.apache.maven:maven-plugin-registry:jar:2.2.1:compile
[[1;34mINFO[m] |  +- org.codehaus.plexus:plexus-interpolation:jar:1.11:compile
[[1;34mINFO[m] |  +- org.apache.maven:maven-artifact:jar:2.2.1:compile
[[1;34mINFO[m] |  \- org.codehaus.plexus:plexus-container-default:jar:1.0-alpha-9-stable-1:compile
[[1;34mINFO[m] |     \- classworlds:classworlds:jar:1.1-alpha-2:compile
[[1;34mINFO[m] \- org.codehaus.plexus:plexus-utils:jar:3.0.16:compile
[[1;34mINFO[m] 
[[1;34mINFO[m] [1m--< [0;36mcom.intel.analytics.bigdl.core.native.dnn:dnn-java-x86_64-linux[0;1m >---[m
[[1;34mINFO[m] [1mBuilding dnn-java-x86_64-linux 2.1.0-SNAPSHOT                     [5/14][m
[[1;34mINFO[m] [1m--------------------------------[ jar ]---------------------------------[m
[[1;34mINFO[m] 
[[1;34mINFO[m] [1m--- [0;32mmaven-dependency-plugin:2.8:tree[m [1m(default-cli)[m @ [36mdnn-java-x86_64-linux[0;1m ---[m
[[1;34mINFO[m] com.intel.analytics.bigdl.core.native.dnn:dnn-java-x86_64-linux:jar:2.1.0-SNAPSHOT
[[1;34mINFO[m] +- junit:junit:jar:4.11:test
[[1;34mINFO[m] |  \- org.hamcrest:hamcrest-core:jar:1.3:test
[[1;34mINFO[m] +- org.qunix:structure-maven-plugin:jar:0.0.2:compile
[[1;34mINFO[m] |  +- org.apache.maven:maven-plugin-api:jar:2.0:compile
[[1;34mINFO[m] |  \- org.apache.commons:commons-lang3:jar:3.3.2:compile
[[1;34mINFO[m] +- commons-collections:commons-collections:jar:3.2.2:compile
[[1;34mINFO[m] +- org.apache.maven:maven-project:jar:2.2.1:compile
[[1;34mINFO[m] |  +- org.apache.maven:maven-settings:jar:2.2.1:compile
[[1;34mINFO[m] |  +- org.apache.maven:maven-profile:jar:2.2.1:compile
[[1;34mINFO[m] |  +- org.apache.maven:maven-model:jar:2.2.1:compile
[[1;34mINFO[m] |  +- org.apache.maven:maven-artifact-manager:jar:2.2.1:compile
[[1;34mINFO[m] |  |  +- org.apache.maven:maven-repository-metadata:jar:2.2.1:compile
[[1;34mINFO[m] |  |  +- org.apache.maven.wagon:wagon-provider-api:jar:1.0-beta-6:compile
[[1;34mINFO[m] |  |  \- backport-util-concurrent:backport-util-concurrent:jar:3.1:compile
[[1;34mINFO[m] |  +- org.apache.maven:maven-plugin-registry:jar:2.2.1:compile
[[1;34mINFO[m] |  +- org.codehaus.plexus:plexus-interpolation:jar:1.11:compile
[[1;34mINFO[m] |  +- org.apache.maven:maven-artifact:jar:2.2.1:compile
[[1;34mINFO[m] |  \- org.codehaus.plexus:plexus-container-default:jar:1.0-alpha-9-stable-1:compile
[[1;34mINFO[m] |     \- classworlds:classworlds:jar:1.1-alpha-2:compile
[[1;34mINFO[m] \- org.codehaus.plexus:plexus-utils:jar:3.0.16:compile
[[1;34mINFO[m] 
[[1;34mINFO[m] [1m-------< [0;36mcom.intel.analytics.bigdl.core.native:bigquant-parent[0;1m >--------[m
[[1;34mINFO[m] [1mBuilding bigquant-parent 2.1.0-SNAPSHOT                           [6/14][m
[[1;34mINFO[m] [1m--------------------------------[ pom ]---------------------------------[m
[[1;34mINFO[m] 
[[1;34mINFO[m] [1m--- [0;32mmaven-dependency-plugin:2.8:tree[m [1m(default-cli)[m @ [36mbigquant-parent[0;1m ---[m
[[1;34mINFO[m] com.intel.analytics.bigdl.core.native:bigquant-parent:pom:2.1.0-SNAPSHOT
[[1;34mINFO[m] +- org.qunix:structure-maven-plugin:jar:0.0.2:compile
[[1;34mINFO[m] |  +- org.apache.maven:maven-plugin-api:jar:2.0:compile
[[1;34mINFO[m] |  \- org.apache.commons:commons-lang3:jar:3.3.2:compile
[[1;34mINFO[m] +- commons-collections:commons-collections:jar:3.2.2:compile
[[1;34mINFO[m] +- org.apache.maven:maven-project:jar:2.2.1:compile
[[1;34mINFO[m] |  +- org.apache.maven:maven-settings:jar:2.2.1:compile
[[1;34mINFO[m] |  +- org.apache.maven:maven-profile:jar:2.2.1:compile
[[1;34mINFO[m] |  +- org.apache.maven:maven-model:jar:2.2.1:compile
[[1;34mINFO[m] |  +- org.apache.maven:maven-artifact-manager:jar:2.2.1:compile
[[1;34mINFO[m] |  |  +- org.apache.maven:maven-repository-metadata:jar:2.2.1:compile
[[1;34mINFO[m] |  |  +- org.apache.maven.wagon:wagon-provider-api:jar:1.0-beta-6:compile
[[1;34mINFO[m] |  |  \- backport-util-concurrent:backport-util-concurrent:jar:3.1:compile
[[1;34mINFO[m] |  +- org.apache.maven:maven-plugin-registry:jar:2.2.1:compile
[[1;34mINFO[m] |  +- org.codehaus.plexus:plexus-interpolation:jar:1.11:compile
[[1;34mINFO[m] |  +- org.apache.maven:maven-artifact:jar:2.2.1:compile
[[1;34mINFO[m] |  \- org.codehaus.plexus:plexus-container-default:jar:1.0-alpha-9-stable-1:compile
[[1;34mINFO[m] |     \- classworlds:classworlds:jar:1.1-alpha-2:compile
[[1;34mINFO[m] +- org.codehaus.plexus:plexus-utils:jar:3.0.16:compile
[[1;34mINFO[m] \- junit:junit:jar:4.11:test
[[1;34mINFO[m]    \- org.hamcrest:hamcrest-core:jar:1.3:test
[[1;34mINFO[m] 
[[1;34mINFO[m] [1m--< [0;36mcom.intel.analytics.bigdl.core.native.bigquant:bigquant-java-x86_64-linux[0;1m >--[m
[[1;34mINFO[m] [1mBuilding bigquant-java-x86_64-linux 2.1.0-SNAPSHOT                [7/14][m
[[1;34mINFO[m] [1m--------------------------------[ jar ]---------------------------------[m
[[1;34mINFO[m] 
[[1;34mINFO[m] [1m--- [0;32mmaven-dependency-plugin:2.8:tree[m [1m(default-cli)[m @ [36mbigquant-java-x86_64-linux[0;1m ---[m
[[1;34mINFO[m] com.intel.analytics.bigdl.core.native.bigquant:bigquant-java-x86_64-linux:jar:2.1.0-SNAPSHOT
[[1;34mINFO[m] +- junit:junit:jar:4.11:test
[[1;34mINFO[m] |  \- org.hamcrest:hamcrest-core:jar:1.3:test
[[1;34mINFO[m] +- org.qunix:structure-maven-plugin:jar:0.0.2:compile
[[1;34mINFO[m] |  +- org.apache.maven:maven-plugin-api:jar:2.0:compile
[[1;34mINFO[m] |  \- org.apache.commons:commons-lang3:jar:3.3.2:compile
[[1;34mINFO[m] +- commons-collections:commons-collections:jar:3.2.2:compile
[[1;34mINFO[m] +- org.apache.maven:maven-project:jar:2.2.1:compile
[[1;34mINFO[m] |  +- org.apache.maven:maven-settings:jar:2.2.1:compile
[[1;34mINFO[m] |  +- org.apache.maven:maven-profile:jar:2.2.1:compile
[[1;34mINFO[m] |  +- org.apache.maven:maven-model:jar:2.2.1:compile
[[1;34mINFO[m] |  +- org.apache.maven:maven-artifact-manager:jar:2.2.1:compile
[[1;34mINFO[m] |  |  +- org.apache.maven:maven-repository-metadata:jar:2.2.1:compile
[[1;34mINFO[m] |  |  +- org.apache.maven.wagon:wagon-provider-api:jar:1.0-beta-6:compile
[[1;34mINFO[m] |  |  \- backport-util-concurrent:backport-util-concurrent:jar:3.1:compile
[[1;34mINFO[m] |  +- org.apache.maven:maven-plugin-registry:jar:2.2.1:compile
[[1;34mINFO[m] |  +- org.codehaus.plexus:plexus-interpolation:jar:1.11:compile
[[1;34mINFO[m] |  +- org.apache.maven:maven-artifact:jar:2.2.1:compile
[[1;34mINFO[m] |  \- org.codehaus.plexus:plexus-container-default:jar:1.0-alpha-9-stable-1:compile
[[1;34mINFO[m] |     \- classworlds:classworlds:jar:1.1-alpha-2:compile
[[1;34mINFO[m] \- org.codehaus.plexus:plexus-utils:jar:3.0.16:compile
[[1;34mINFO[m] 
[[1;34mINFO[m] [1m--------< [0;36mcom.intel.analytics.bigdl.core.native:opencv-parent[0;1m >---------[m
[[1;34mINFO[m] [1mBuilding opencv-parent 2.1.0-SNAPSHOT                             [8/14][m
[[1;34mINFO[m] [1m--------------------------------[ pom ]---------------------------------[m
[[1;34mINFO[m] 
[[1;34mINFO[m] [1m--- [0;32mmaven-dependency-plugin:2.8:tree[m [1m(default-cli)[m @ [36mopencv-parent[0;1m ---[m
[[1;34mINFO[m] com.intel.analytics.bigdl.core.native:opencv-parent:pom:2.1.0-SNAPSHOT
[[1;34mINFO[m] +- junit:junit:jar:4.11:test
[[1;34mINFO[m] |  \- org.hamcrest:hamcrest-core:jar:1.3:test
[[1;34mINFO[m] +- org.qunix:structure-maven-plugin:jar:0.0.2:compile
[[1;34mINFO[m] |  +- org.apache.maven:maven-plugin-api:jar:2.0:compile
[[1;34mINFO[m] |  \- org.apache.commons:commons-lang3:jar:3.3.2:compile
[[1;34mINFO[m] +- commons-collections:commons-collections:jar:3.2.2:compile
[[1;34mINFO[m] +- org.apache.maven:maven-project:jar:2.2.1:compile
[[1;34mINFO[m] |  +- org.apache.maven:maven-settings:jar:2.2.1:compile
[[1;34mINFO[m] |  +- org.apache.maven:maven-profile:jar:2.2.1:compile
[[1;34mINFO[m] |  +- org.apache.maven:maven-model:jar:2.2.1:compile
[[1;34mINFO[m] |  +- org.apache.maven:maven-artifact-manager:jar:2.2.1:compile
[[1;34mINFO[m] |  |  +- org.apache.maven:maven-repository-metadata:jar:2.2.1:compile
[[1;34mINFO[m] |  |  +- org.apache.maven.wagon:wagon-provider-api:jar:1.0-beta-6:compile
[[1;34mINFO[m] |  |  \- backport-util-concurrent:backport-util-concurrent:jar:3.1:compile
[[1;34mINFO[m] |  +- org.apache.maven:maven-plugin-registry:jar:2.2.1:compile
[[1;34mINFO[m] |  +- org.codehaus.plexus:plexus-interpolation:jar:1.11:compile
[[1;34mINFO[m] |  +- org.apache.maven:maven-artifact:jar:2.2.1:compile
[[1;34mINFO[m] |  \- org.codehaus.plexus:plexus-container-default:jar:1.0-alpha-9-stable-1:compile
[[1;34mINFO[m] |     \- classworlds:classworlds:jar:1.1-alpha-2:compile
[[1;34mINFO[m] \- org.codehaus.plexus:plexus-utils:jar:3.0.16:compile
[[1;34mINFO[m] 
[[1;34mINFO[m] [1m--< [0;36mcom.intel.analytics.bigdl.core.native.opencv:opencv-java-x86_64-linux[0;1m >--[m
[[1;34mINFO[m] [1mBuilding opencv-java-x86_64-linux 2.1.0-SNAPSHOT                  [9/14][m
[[1;34mINFO[m] [1m--------------------------------[ jar ]---------------------------------[m
[[1;34mINFO[m] 
[[1;34mINFO[m] [1m--- [0;32mmaven-dependency-plugin:2.8:tree[m [1m(default-cli)[m @ [36mopencv-java-x86_64-linux[0;1m ---[m
[[1;34mINFO[m] com.intel.analytics.bigdl.core.native.opencv:opencv-java-x86_64-linux:jar:2.1.0-SNAPSHOT
[[1;34mINFO[m] +- junit:junit:jar:4.11:test
[[1;34mINFO[m] |  \- org.hamcrest:hamcrest-core:jar:1.3:test
[[1;34mINFO[m] +- org.qunix:structure-maven-plugin:jar:0.0.2:compile
[[1;34mINFO[m] |  +- org.apache.maven:maven-plugin-api:jar:2.0:compile
[[1;34mINFO[m] |  \- org.apache.commons:commons-lang3:jar:3.3.2:compile
[[1;34mINFO[m] +- commons-collections:commons-collections:jar:3.2.2:compile
[[1;34mINFO[m] +- org.apache.maven:maven-project:jar:2.2.1:compile
[[1;34mINFO[m] |  +- org.apache.maven:maven-settings:jar:2.2.1:compile
[[1;34mINFO[m] |  +- org.apache.maven:maven-profile:jar:2.2.1:compile
[[1;34mINFO[m] |  +- org.apache.maven:maven-model:jar:2.2.1:compile
[[1;34mINFO[m] |  +- org.apache.maven:maven-artifact-manager:jar:2.2.1:compile
[[1;34mINFO[m] |  |  +- org.apache.maven:maven-repository-metadata:jar:2.2.1:compile
[[1;34mINFO[m] |  |  +- org.apache.maven.wagon:wagon-provider-api:jar:1.0-beta-6:compile
[[1;34mINFO[m] |  |  \- backport-util-concurrent:backport-util-concurrent:jar:3.1:compile
[[1;34mINFO[m] |  +- org.apache.maven:maven-plugin-registry:jar:2.2.1:compile
[[1;34mINFO[m] |  +- org.codehaus.plexus:plexus-interpolation:jar:1.11:compile
[[1;34mINFO[m] |  +- org.apache.maven:maven-artifact:jar:2.2.1:compile
[[1;34mINFO[m] |  \- org.codehaus.plexus:plexus-container-default:jar:1.0-alpha-9-stable-1:compile
[[1;34mINFO[m] |     \- classworlds:classworlds:jar:1.1-alpha-2:compile
[[1;34mINFO[m] \- org.codehaus.plexus:plexus-utils:jar:3.0.16:compile
[[1;34mINFO[m] 
[[1;34mINFO[m] [1m-------------< [0;36mcom.intel.analytics.bigdl.core:dist-parent[0;1m >-------------[m
[[1;34mINFO[m] [1mBuilding dist-parent 2.1.0-SNAPSHOT                              [10/14][m
[[1;34mINFO[m] [1m--------------------------------[ pom ]---------------------------------[m
[[1;34mINFO[m] 
[[1;34mINFO[m] [1m--- [0;32mmaven-dependency-plugin:2.8:tree[m [1m(default-cli)[m @ [36mdist-parent[0;1m ---[m
[[1;34mINFO[m] com.intel.analytics.bigdl.core:dist-parent:pom:2.1.0-SNAPSHOT
[[1;34mINFO[m] +- org.qunix:structure-maven-plugin:jar:0.0.2:compile
[[1;34mINFO[m] |  +- org.apache.maven:maven-plugin-api:jar:2.0:compile
[[1;34mINFO[m] |  \- org.apache.commons:commons-lang3:jar:3.3.2:compile
[[1;34mINFO[m] +- commons-collections:commons-collections:jar:3.2.2:compile
[[1;34mINFO[m] +- org.apache.maven:maven-project:jar:2.2.1:compile
[[1;34mINFO[m] |  +- org.apache.maven:maven-settings:jar:2.2.1:compile
[[1;34mINFO[m] |  +- org.apache.maven:maven-profile:jar:2.2.1:compile
[[1;34mINFO[m] |  +- org.apache.maven:maven-model:jar:2.2.1:compile
[[1;34mINFO[m] |  +- org.apache.maven:maven-artifact-manager:jar:2.2.1:compile
[[1;34mINFO[m] |  |  +- org.apache.maven:maven-repository-metadata:jar:2.2.1:compile
[[1;34mINFO[m] |  |  +- org.apache.maven.wagon:wagon-provider-api:jar:1.0-beta-6:compile
[[1;34mINFO[m] |  |  \- backport-util-concurrent:backport-util-concurrent:jar:3.1:compile
[[1;34mINFO[m] |  +- org.apache.maven:maven-plugin-registry:jar:2.2.1:compile
[[1;34mINFO[m] |  +- org.codehaus.plexus:plexus-interpolation:jar:1.11:compile
[[1;34mINFO[m] |  +- org.apache.maven:maven-artifact:jar:2.2.1:compile
[[1;34mINFO[m] |  \- org.codehaus.plexus:plexus-container-default:jar:1.0-alpha-9-stable-1:compile
[[1;34mINFO[m] |     \- classworlds:classworlds:jar:1.1-alpha-2:compile
[[1;34mINFO[m] +- org.codehaus.plexus:plexus-utils:jar:3.0.16:compile
[[1;34mINFO[m] \- junit:junit:jar:4.11:test
[[1;34mINFO[m]    \- org.hamcrest:hamcrest-core:jar:1.3:test
[[1;34mINFO[m] 
[[1;34mINFO[m] [1m--------------< [0;36mcom.intel.analytics.bigdl.core.dist:mac[0;1m >---------------[m
[[1;34mINFO[m] [1mBuilding mac 2.1.0-SNAPSHOT                                      [11/14][m
[[1;34mINFO[m] [1m--------------------------------[ pom ]---------------------------------[m
[[1;34mINFO[m] 
[[1;34mINFO[m] [1m--- [0;32mmaven-dependency-plugin:2.8:tree[m [1m(default-cli)[m @ [36mmac[0;1m ---[m
[[1;34mINFO[m] com.intel.analytics.bigdl.core.dist:mac:pom:2.1.0-SNAPSHOT
[[1;34mINFO[m] +- com.intel.analytics.bigdl.core.native.mkl:mkl-java-mac:jar:2.1.0-SNAPSHOT:compile
[[1;34mINFO[m] +- com.intel.analytics.bigdl.core.native.bigquant:bigquant-java-mac:jar:2.1.0-SNAPSHOT:compile
[[1;34mINFO[m] +- com.intel.analytics.bigdl.core.native.opencv:opencv-java-mac:jar:2.1.0-SNAPSHOT:compile
[[1;34mINFO[m] +- org.qunix:structure-maven-plugin:jar:0.0.2:compile
[[1;34mINFO[m] |  +- org.apache.maven:maven-plugin-api:jar:2.0:compile
[[1;34mINFO[m] |  \- org.apache.commons:commons-lang3:jar:3.3.2:compile
[[1;34mINFO[m] +- commons-collections:commons-collections:jar:3.2.2:compile
[[1;34mINFO[m] +- org.apache.maven:maven-project:jar:2.2.1:compile
[[1;34mINFO[m] |  +- org.apache.maven:maven-settings:jar:2.2.1:compile
[[1;34mINFO[m] |  +- org.apache.maven:maven-profile:jar:2.2.1:compile
[[1;34mINFO[m] |  +- org.apache.maven:maven-model:jar:2.2.1:compile
[[1;34mINFO[m] |  +- org.apache.maven:maven-artifact-manager:jar:2.2.1:compile
[[1;34mINFO[m] |  |  +- org.apache.maven:maven-repository-metadata:jar:2.2.1:compile
[[1;34mINFO[m] |  |  +- org.apache.maven.wagon:wagon-provider-api:jar:1.0-beta-6:compile
[[1;34mINFO[m] |  |  \- backport-util-concurrent:backport-util-concurrent:jar:3.1:compile
[[1;34mINFO[m] |  +- org.apache.maven:maven-plugin-registry:jar:2.2.1:compile
[[1;34mINFO[m] |  +- org.codehaus.plexus:plexus-interpolation:jar:1.11:compile
[[1;34mINFO[m] |  +- org.apache.maven:maven-artifact:jar:2.2.1:compile
[[1;34mINFO[m] |  \- org.codehaus.plexus:plexus-container-default:jar:1.0-alpha-9-stable-1:compile
[[1;34mINFO[m] |     \- classworlds:classworlds:jar:1.1-alpha-2:compile
[[1;34mINFO[m] +- org.codehaus.plexus:plexus-utils:jar:3.0.16:compile
[[1;34mINFO[m] \- junit:junit:jar:4.11:test
[[1;34mINFO[m]    \- org.hamcrest:hamcrest-core:jar:1.3:test
[[1;34mINFO[m] 
[[1;34mINFO[m] [1m------------< [0;36mcom.intel.analytics.bigdl.core.dist:linux64[0;1m >-------------[m
[[1;34mINFO[m] [1mBuilding linux64 2.1.0-SNAPSHOT                                  [12/14][m
[[1;34mINFO[m] [1m--------------------------------[ pom ]---------------------------------[m
[[1;34mINFO[m] 
[[1;34mINFO[m] [1m--- [0;32mmaven-dependency-plugin:2.8:tree[m [1m(default-cli)[m @ [36mlinux64[0;1m ---[m
[[1;34mINFO[m] com.intel.analytics.bigdl.core.dist:linux64:pom:2.1.0-SNAPSHOT
[[1;34mINFO[m] +- com.intel.analytics.bigdl.core.native.mkl:mkl-java-x86_64-linux:jar:2.1.0-SNAPSHOT:compile
[[1;34mINFO[m] +- com.intel.analytics.bigdl.core.native.bigquant:bigquant-java-x86_64-linux:jar:2.1.0-SNAPSHOT:compile
[[1;34mINFO[m] +- com.intel.analytics.bigdl.core.native.opencv:opencv-java-x86_64-linux:jar:2.1.0-SNAPSHOT:compile
[[1;34mINFO[m] +- com.intel.analytics.bigdl.core.native.dnn:dnn-java-x86_64-linux:jar:2.1.0-SNAPSHOT:compile
[[1;34mINFO[m] +- org.qunix:structure-maven-plugin:jar:0.0.2:compile
[[1;34mINFO[m] |  +- org.apache.maven:maven-plugin-api:jar:2.0:compile
[[1;34mINFO[m] |  \- org.apache.commons:commons-lang3:jar:3.3.2:compile
[[1;34mINFO[m] +- commons-collections:commons-collections:jar:3.2.2:compile
[[1;34mINFO[m] +- org.apache.maven:maven-project:jar:2.2.1:compile
[[1;34mINFO[m] |  +- org.apache.maven:maven-settings:jar:2.2.1:compile
[[1;34mINFO[m] |  +- org.apache.maven:maven-profile:jar:2.2.1:compile
[[1;34mINFO[m] |  +- org.apache.maven:maven-model:jar:2.2.1:compile
[[1;34mINFO[m] |  +- org.apache.maven:maven-artifact-manager:jar:2.2.1:compile
[[1;34mINFO[m] |  |  +- org.apache.maven:maven-repository-metadata:jar:2.2.1:compile
[[1;34mINFO[m] |  |  +- org.apache.maven.wagon:wagon-provider-api:jar:1.0-beta-6:compile
[[1;34mINFO[m] |  |  \- backport-util-concurrent:backport-util-concurrent:jar:3.1:compile
[[1;34mINFO[m] |  +- org.apache.maven:maven-plugin-registry:jar:2.2.1:compile
[[1;34mINFO[m] |  +- org.codehaus.plexus:plexus-interpolation:jar:1.11:compile
[[1;34mINFO[m] |  +- org.apache.maven:maven-artifact:jar:2.2.1:compile
[[1;34mINFO[m] |  \- org.codehaus.plexus:plexus-container-default:jar:1.0-alpha-9-stable-1:compile
[[1;34mINFO[m] |     \- classworlds:classworlds:jar:1.1-alpha-2:compile
[[1;34mINFO[m] +- org.codehaus.plexus:plexus-utils:jar:3.0.16:compile
[[1;34mINFO[m] \- junit:junit:jar:4.11:test
[[1;34mINFO[m]    \- org.hamcrest:hamcrest-core:jar:1.3:test
[[1;34mINFO[m] 
[[1;34mINFO[m] [1m--------------< [0;36mcom.intel.analytics.bigdl.core.dist:rh5[0;1m >---------------[m
[[1;34mINFO[m] [1mBuilding rh5 2.1.0-SNAPSHOT                                      [13/14][m
[[1;34mINFO[m] [1m--------------------------------[ pom ]---------------------------------[m
[[1;34mINFO[m] 
[[1;34mINFO[m] [1m--- [0;32mmaven-dependency-plugin:2.8:tree[m [1m(default-cli)[m @ [36mrh5[0;1m ---[m
[[1;34mINFO[m] com.intel.analytics.bigdl.core.dist:rh5:pom:2.1.0-SNAPSHOT
[[1;34mINFO[m] +- com.intel.analytics.bigdl.core.native.mkl:mkl-java-x86_64-rh5:jar:2.1.0-SNAPSHOT:compile
[[1;34mINFO[m] +- com.intel.analytics.bigdl.core.native.bigquant:bigquant-java-x86_64-rh5:jar:2.1.0-SNAPSHOT:compile
[[1;34mINFO[m] +- org.qunix:structure-maven-plugin:jar:0.0.2:compile
[[1;34mINFO[m] |  +- org.apache.maven:maven-plugin-api:jar:2.0:compile
[[1;34mINFO[m] |  \- org.apache.commons:commons-lang3:jar:3.3.2:compile
[[1;34mINFO[m] +- commons-collections:commons-collections:jar:3.2.2:compile
[[1;34mINFO[m] +- org.apache.maven:maven-project:jar:2.2.1:compile
[[1;34mINFO[m] |  +- org.apache.maven:maven-settings:jar:2.2.1:compile
[[1;34mINFO[m] |  +- org.apache.maven:maven-profile:jar:2.2.1:compile
[[1;34mINFO[m] |  +- org.apache.maven:maven-model:jar:2.2.1:compile
[[1;34mINFO[m] |  +- org.apache.maven:maven-artifact-manager:jar:2.2.1:compile
[[1;34mINFO[m] |  |  +- org.apache.maven:maven-repository-metadata:jar:2.2.1:compile
[[1;34mINFO[m] |  |  +- org.apache.maven.wagon:wagon-provider-api:jar:1.0-beta-6:compile
[[1;34mINFO[m] |  |  \- backport-util-concurrent:backport-util-concurrent:jar:3.1:compile
[[1;34mINFO[m] |  +- org.apache.maven:maven-plugin-registry:jar:2.2.1:compile
[[1;34mINFO[m] |  +- org.codehaus.plexus:plexus-interpolation:jar:1.11:compile
[[1;34mINFO[m] |  +- org.apache.maven:maven-artifact:jar:2.2.1:compile
[[1;34mINFO[m] |  \- org.codehaus.plexus:plexus-container-default:jar:1.0-alpha-9-stable-1:compile
[[1;34mINFO[m] |     \- classworlds:classworlds:jar:1.1-alpha-2:compile
[[1;34mINFO[m] +- org.codehaus.plexus:plexus-utils:jar:3.0.16:compile
[[1;34mINFO[m] \- junit:junit:jar:4.11:test
[[1;34mINFO[m]    \- org.hamcrest:hamcrest-core:jar:1.3:test
[[1;34mINFO[m] 
[[1;34mINFO[m] [1m--------------< [0;36mcom.intel.analytics.bigdl.core.dist:all[0;1m >---------------[m
[[1;34mINFO[m] [1mBuilding all 2.1.0-SNAPSHOT                                      [14/14][m
[[1;34mINFO[m] [1m--------------------------------[ jar ]---------------------------------[m
[[1;34mINFO[m] 
[[1;34mINFO[m] [1m--- [0;32mmaven-dependency-plugin:2.8:tree[m [1m(default-cli)[m @ [36mall[0;1m ---[m
[[1;34mINFO[m] com.intel.analytics.bigdl.core.dist:all:jar:2.1.0-SNAPSHOT
[[1;34mINFO[m] +- com.intel.analytics.bigdl.core.dist:linux64:pom:2.1.0-SNAPSHOT:compile
[[1;34mINFO[m] |  +- com.intel.analytics.bigdl.core.native.mkl:mkl-java-x86_64-linux:jar:2.1.0-SNAPSHOT:compile
[[1;34mINFO[m] |  +- com.intel.analytics.bigdl.core.native.bigquant:bigquant-java-x86_64-linux:jar:2.1.0-SNAPSHOT:compile
[[1;34mINFO[m] |  +- com.intel.analytics.bigdl.core.native.opencv:opencv-java-x86_64-linux:jar:2.1.0-SNAPSHOT:compile
[[1;34mINFO[m] |  \- com.intel.analytics.bigdl.core.native.dnn:dnn-java-x86_64-linux:jar:2.1.0-SNAPSHOT:compile
[[1;34mINFO[m] +- org.qunix:structure-maven-plugin:jar:0.0.2:compile
[[1;34mINFO[m] |  +- org.apache.maven:maven-plugin-api:jar:2.0:compile
[[1;34mINFO[m] |  \- org.apache.commons:commons-lang3:jar:3.3.2:compile
[[1;34mINFO[m] +- commons-collections:commons-collections:jar:3.2.2:compile
[[1;34mINFO[m] +- org.apache.maven:maven-project:jar:2.2.1:compile
[[1;34mINFO[m] |  +- org.apache.maven:maven-settings:jar:2.2.1:compile
[[1;34mINFO[m] |  +- org.apache.maven:maven-profile:jar:2.2.1:compile
[[1;34mINFO[m] |  +- org.apache.maven:maven-model:jar:2.2.1:compile
[[1;34mINFO[m] |  +- org.apache.maven:maven-artifact-manager:jar:2.2.1:compile
[[1;34mINFO[m] |  |  +- org.apache.maven:maven-repository-metadata:jar:2.2.1:compile
[[1;34mINFO[m] |  |  +- org.apache.maven.wagon:wagon-provider-api:jar:1.0-beta-6:compile
[[1;34mINFO[m] |  |  \- backport-util-concurrent:backport-util-concurrent:jar:3.1:compile
[[1;34mINFO[m] |  +- org.apache.maven:maven-plugin-registry:jar:2.2.1:compile
[[1;34mINFO[m] |  +- org.codehaus.plexus:plexus-interpolation:jar:1.11:compile
[[1;34mINFO[m] |  +- org.apache.maven:maven-artifact:jar:2.2.1:compile
[[1;34mINFO[m] |  \- org.codehaus.plexus:plexus-container-default:jar:1.0-alpha-9-stable-1:compile
[[1;34mINFO[m] |     \- classworlds:classworlds:jar:1.1-alpha-2:compile
[[1;34mINFO[m] +- org.codehaus.plexus:plexus-utils:jar:3.0.16:compile
[[1;34mINFO[m] \- junit:junit:jar:4.11:test
[[1;34mINFO[m]    \- org.hamcrest:hamcrest-core:jar:1.3:test
[[1;34mINFO[m] [1m------------------------------------------------------------------------[m
[[1;34mINFO[m] [1mReactor Summary for BigDL-core 2.1.0-SNAPSHOT:[m
[[1;34mINFO[m] 
[[1;34mINFO[m] BigDL-core ......................................... [1;32mSUCCESS[m [  0.342 s]
[[1;34mINFO[m] mkl-parent ......................................... [1;32mSUCCESS[m [  0.035 s]
[[1;34mINFO[m] mkl-java-x86_64-linux .............................. [1;32mSUCCESS[m [  0.019 s]
[[1;34mINFO[m] dnn-parent ......................................... [1;32mSUCCESS[m [  0.006 s]
[[1;34mINFO[m] dnn-java-x86_64-linux .............................. [1;32mSUCCESS[m [  0.006 s]
[[1;34mINFO[m] bigquant-parent .................................... [1;32mSUCCESS[m [  0.005 s]
[[1;34mINFO[m] bigquant-java-x86_64-linux ......................... [1;32mSUCCESS[m [  0.005 s]
[[1;34mINFO[m] opencv-parent ...................................... [1;32mSUCCESS[m [  0.005 s]
[[1;34mINFO[m] opencv-java-x86_64-linux ........................... [1;32mSUCCESS[m [  0.005 s]
[[1;34mINFO[m] dist-parent ........................................ [1;32mSUCCESS[m [  0.004 s]
[[1;34mINFO[m] mac ................................................ [1;32mSUCCESS[m [  0.016 s]
[[1;34mINFO[m] linux64 ............................................ [1;32mSUCCESS[m [  0.011 s]
[[1;34mINFO[m] rh5 ................................................ [1;32mSUCCESS[m [  0.008 s]
[[1;34mINFO[m] all ................................................ [1;32mSUCCESS[m [  0.008 s]
[[1;34mINFO[m] [1m------------------------------------------------------------------------[m
[[1;34mINFO[m] [1;32mBUILD SUCCESS[m
[[1;34mINFO[m] [1m------------------------------------------------------------------------[m
[[1;34mINFO[m] Total time:  0.967 s
[[1;34mINFO[m] Finished at: 2022-06-28T10:05:27+08:00
[[1;34mINFO[m] [1m------------------------------------------------------------------------[m
